{"C:\\Users\\akhil\\Desktop\\dectify-assessment\\frontend\\src\\components\\Layout.tsx": {"path":"C:\\Users\\akhil\\Desktop\\dectify-assessment\\frontend\\src\\components\\Layout.tsx","statementMap":{"0":{"start":{"line":6,"column":16},"end":{"line":6,"column":null}},"1":{"start":{"line":8,"column":2},"end":{"line":15,"column":null}},"2":{"start":{"line":9,"column":4},"end":{"line":13,"column":null}},"3":{"start":{"line":17,"column":2},"end":{"line":19,"column":null}},"4":{"start":{"line":18,"column":4},"end":{"line":18,"column":null}},"5":{"start":{"line":21,"column":2},"end":{"line":29,"column":null}}},"fnMap":{"0":{"name":"Layout","decl":{"start":{"line":5,"column":24},"end":{"line":5,"column":33}},"loc":{"start":{"line":5,"column":33},"end":{"line":31,"column":null}},"line":5}},"branchMap":{"0":{"loc":{"start":{"line":8,"column":2},"end":{"line":15,"column":null}},"type":"if","locations":[{"start":{"line":8,"column":2},"end":{"line":15,"column":null}},{"start":{},"end":{}}],"line":8},"1":{"loc":{"start":{"line":17,"column":2},"end":{"line":19,"column":null}},"type":"if","locations":[{"start":{"line":17,"column":2},"end":{"line":19,"column":null}},{"start":{},"end":{}}],"line":17}},"s":{"0":2,"1":2,"2":1,"3":1,"4":0,"5":1},"f":{"0":2},"b":{"0":[1,1],"1":[0,1]},"meta":{"lastBranch":2,"lastFunction":1,"lastStatement":6,"seen":{"f:5:24:5:33":0,"s:6:16:6:Infinity":0,"b:8:2:15:Infinity:undefined:undefined:undefined:undefined":0,"s:8:2:15:Infinity":1,"s:9:4:13:Infinity":2,"b:17:2:19:Infinity:undefined:undefined:undefined:undefined":1,"s:17:2:19:Infinity":3,"s:18:4:18:Infinity":4,"s:21:2:29:Infinity":5},"fnNames":{}}}
,"C:\\Users\\akhil\\Desktop\\dectify-assessment\\frontend\\src\\components\\Navbar.css": {"path":"C:\\Users\\akhil\\Desktop\\dectify-assessment\\frontend\\src\\components\\Navbar.css","statementMap":{},"fnMap":{},"branchMap":{},"s":{},"f":{},"b":{},"meta":{"lastBranch":0,"lastFunction":0,"lastStatement":0,"seen":{},"fnNames":{}}}
,"C:\\Users\\akhil\\Desktop\\dectify-assessment\\frontend\\src\\components\\Navbar.tsx": {"path":"C:\\Users\\akhil\\Desktop\\dectify-assessment\\frontend\\src\\components\\Navbar.tsx","statementMap":{"0":{"start":{"line":10,"column":16},"end":{"line":10,"column":null}},"1":{"start":{"line":11,"column":8},"end":{"line":11,"column":null}},"2":{"start":{"line":13,"column":23},"end":{"line":16,"column":null}},"3":{"start":{"line":14,"column":4},"end":{"line":14,"column":null}},"4":{"start":{"line":15,"column":4},"end":{"line":15,"column":null}},"5":{"start":{"line":18,"column":2},"end":{"line":57,"column":null}}},"fnMap":{"0":{"name":"Navbar","decl":{"start":{"line":9,"column":24},"end":{"line":9,"column":33}},"loc":{"start":{"line":9,"column":33},"end":{"line":59,"column":null}},"line":9},"1":{"name":"(anonymous_1)","decl":{"start":{"line":13,"column":23},"end":{"line":13,"column":35}},"loc":{"start":{"line":13,"column":35},"end":{"line":16,"column":null}},"line":13}},"branchMap":{},"s":{"0":3,"1":3,"2":3,"3":1,"4":1,"5":3},"f":{"0":3,"1":1},"b":{},"meta":{"lastBranch":0,"lastFunction":2,"lastStatement":6,"seen":{"f:9:24:9:33":0,"s:10:16:10:Infinity":0,"s:11:8:11:Infinity":1,"s:13:23:16:Infinity":2,"f:13:23:13:35":1,"s:14:4:14:Infinity":3,"s:15:4:15:Infinity":4,"s:18:2:57:Infinity":5},"fnNames":{}}}
,"C:\\Users\\akhil\\Desktop\\dectify-assessment\\frontend\\src\\context\\AuthContext.tsx": {"path":"C:\\Users\\akhil\\Desktop\\dectify-assessment\\frontend\\src\\context\\AuthContext.tsx","statementMap":{"0":{"start":{"line":23,"column":6},"end":{"line":23,"column":null}},"1":{"start":{"line":26,"column":15},"end":{"line":26,"column":null}},"2":{"start":{"line":27,"column":20},"end":{"line":27,"column":null}},"3":{"start":{"line":30,"column":2},"end":{"line":45,"column":null}},"4":{"start":{"line":31,"column":20},"end":{"line":43,"column":null}},"5":{"start":{"line":32,"column":6},"end":{"line":42,"column":null}},"6":{"start":{"line":33,"column":25},"end":{"line":33,"column":null}},"7":{"start":{"line":34,"column":8},"end":{"line":34,"column":null}},"8":{"start":{"line":35,"column":19},"end":{"line":35,"column":null}},"9":{"start":{"line":36,"column":8},"end":{"line":36,"column":null}},"10":{"start":{"line":38,"column":8},"end":{"line":38,"column":null}},"11":{"start":{"line":39,"column":8},"end":{"line":39,"column":null}},"12":{"start":{"line":41,"column":8},"end":{"line":41,"column":null}},"13":{"start":{"line":44,"column":4},"end":{"line":44,"column":null}},"14":{"start":{"line":47,"column":16},"end":{"line":52,"column":null}},"15":{"start":{"line":48,"column":21},"end":{"line":48,"column":null}},"16":{"start":{"line":49,"column":4},"end":{"line":49,"column":null}},"17":{"start":{"line":50,"column":15},"end":{"line":50,"column":null}},"18":{"start":{"line":51,"column":4},"end":{"line":51,"column":null}},"19":{"start":{"line":54,"column":17},"end":{"line":59,"column":null}},"20":{"start":{"line":55,"column":21},"end":{"line":55,"column":null}},"21":{"start":{"line":56,"column":4},"end":{"line":56,"column":null}},"22":{"start":{"line":57,"column":15},"end":{"line":57,"column":null}},"23":{"start":{"line":58,"column":4},"end":{"line":58,"column":null}},"24":{"start":{"line":61,"column":17},"end":{"line":67,"column":null}},"25":{"start":{"line":62,"column":4},"end":{"line":64,"column":null}},"26":{"start":{"line":63,"column":6},"end":{"line":63,"column":null}},"27":{"start":{"line":65,"column":4},"end":{"line":65,"column":null}},"28":{"start":{"line":66,"column":4},"end":{"line":66,"column":null}},"29":{"start":{"line":69,"column":2},"end":{"line":72,"column":null}},"30":{"start":{"line":77,"column":8},"end":{"line":77,"column":null}},"31":{"start":{"line":78,"column":2},"end":{"line":78,"column":null}},"32":{"start":{"line":78,"column":12},"end":{"line":78,"column":null}},"33":{"start":{"line":79,"column":2},"end":{"line":79,"column":null}}},"fnMap":{"0":{"name":"AuthProvider","decl":{"start":{"line":25,"column":16},"end":{"line":25,"column":29}},"loc":{"start":{"line":25,"column":68},"end":{"line":74,"column":null}},"line":25},"1":{"name":"(anonymous_1)","decl":{"start":{"line":30,"column":2},"end":{"line":30,"column":18}},"loc":{"start":{"line":30,"column":18},"end":{"line":45,"column":5}},"line":30},"2":{"name":"(anonymous_2)","decl":{"start":{"line":31,"column":20},"end":{"line":31,"column":32}},"loc":{"start":{"line":31,"column":32},"end":{"line":43,"column":null}},"line":31},"3":{"name":"(anonymous_3)","decl":{"start":{"line":47,"column":16},"end":{"line":47,"column":23}},"loc":{"start":{"line":47,"column":59},"end":{"line":52,"column":null}},"line":47},"4":{"name":"(anonymous_4)","decl":{"start":{"line":54,"column":17},"end":{"line":54,"column":24}},"loc":{"start":{"line":54,"column":74},"end":{"line":59,"column":null}},"line":54},"5":{"name":"(anonymous_5)","decl":{"start":{"line":61,"column":17},"end":{"line":61,"column":29}},"loc":{"start":{"line":61,"column":29},"end":{"line":67,"column":null}},"line":61},"6":{"name":"useAuth","decl":{"start":{"line":76,"column":16},"end":{"line":76,"column":26}},"loc":{"start":{"line":76,"column":26},"end":{"line":80,"column":null}},"line":76}},"branchMap":{"0":{"loc":{"start":{"line":78,"column":2},"end":{"line":78,"column":null}},"type":"if","locations":[{"start":{"line":78,"column":2},"end":{"line":78,"column":null}},{"start":{},"end":{}}],"line":78}},"s":{"0":4,"1":2,"2":2,"3":2,"4":1,"5":1,"6":1,"7":1,"8":1,"9":1,"10":0,"11":0,"12":1,"13":1,"14":2,"15":0,"16":0,"17":0,"18":0,"19":2,"20":0,"21":0,"22":0,"23":0,"24":2,"25":0,"26":0,"27":0,"28":0,"29":2,"30":2,"31":2,"32":0,"33":2},"f":{"0":2,"1":1,"2":1,"3":0,"4":0,"5":0,"6":2},"b":{"0":[0,2]},"meta":{"lastBranch":1,"lastFunction":7,"lastStatement":34,"seen":{"s:23:6:23:Infinity":0,"f:25:16:25:29":0,"s:26:15:26:Infinity":1,"s:27:20:27:Infinity":2,"s:30:2:45:Infinity":3,"f:30:2:30:18":1,"s:31:20:43:Infinity":4,"f:31:20:31:32":2,"s:32:6:42:Infinity":5,"s:33:25:33:Infinity":6,"s:34:8:34:Infinity":7,"s:35:19:35:Infinity":8,"s:36:8:36:Infinity":9,"s:38:8:38:Infinity":10,"s:39:8:39:Infinity":11,"s:41:8:41:Infinity":12,"s:44:4:44:Infinity":13,"s:47:16:52:Infinity":14,"f:47:16:47:23":3,"s:48:21:48:Infinity":15,"s:49:4:49:Infinity":16,"s:50:15:50:Infinity":17,"s:51:4:51:Infinity":18,"s:54:17:59:Infinity":19,"f:54:17:54:24":4,"s:55:21:55:Infinity":20,"s:56:4:56:Infinity":21,"s:57:15:57:Infinity":22,"s:58:4:58:Infinity":23,"s:61:17:67:Infinity":24,"f:61:17:61:29":5,"s:62:4:64:Infinity":25,"s:63:6:63:Infinity":26,"s:65:4:65:Infinity":27,"s:66:4:66:Infinity":28,"s:69:2:72:Infinity":29,"f:76:16:76:26":6,"s:77:8:77:Infinity":30,"b:78:2:78:Infinity:undefined:undefined:undefined:undefined":0,"s:78:2:78:Infinity":31,"s:78:12:78:Infinity":32,"s:79:2:79:Infinity":33},"fnNames":{}}}
,"C:\\Users\\akhil\\Desktop\\dectify-assessment\\frontend\\src\\mocks\\handlers.ts": {"path":"C:\\Users\\akhil\\Desktop\\dectify-assessment\\frontend\\src\\mocks\\handlers.ts","statementMap":{"0":{"start":{"line":3,"column":24},"end":{"line":28,"column":null}},"1":{"start":{"line":5,"column":4},"end":{"line":5,"column":null}},"2":{"start":{"line":9,"column":4},"end":{"line":9,"column":null}},"3":{"start":{"line":13,"column":4},"end":{"line":13,"column":null}},"4":{"start":{"line":17,"column":4},"end":{"line":17,"column":null}},"5":{"start":{"line":21,"column":4},"end":{"line":26,"column":null}}},"fnMap":{"0":{"name":"(anonymous_0)","decl":{"start":{"line":4,"column":12},"end":{"line":4,"column":58}},"loc":{"start":{"line":4,"column":58},"end":{"line":6,"column":3}},"line":4},"1":{"name":"(anonymous_1)","decl":{"start":{"line":8,"column":12},"end":{"line":8,"column":60}},"loc":{"start":{"line":8,"column":60},"end":{"line":10,"column":3}},"line":8},"2":{"name":"(anonymous_2)","decl":{"start":{"line":12,"column":12},"end":{"line":12,"column":59}},"loc":{"start":{"line":12,"column":59},"end":{"line":14,"column":3}},"line":12},"3":{"name":"(anonymous_3)","decl":{"start":{"line":16,"column":11},"end":{"line":16,"column":54}},"loc":{"start":{"line":16,"column":54},"end":{"line":18,"column":3}},"line":16},"4":{"name":"(anonymous_4)","decl":{"start":{"line":20,"column":11},"end":{"line":20,"column":62}},"loc":{"start":{"line":20,"column":62},"end":{"line":27,"column":3}},"line":20}},"branchMap":{},"s":{"0":6,"1":0,"2":1,"3":0,"4":1,"5":1},"f":{"0":0,"1":1,"2":0,"3":1,"4":1},"b":{},"meta":{"lastBranch":0,"lastFunction":5,"lastStatement":6,"seen":{"s:3:24:28:Infinity":0,"f:4:12:4:58":0,"s:5:4:5:Infinity":1,"f:8:12:8:60":1,"s:9:4:9:Infinity":2,"f:12:12:12:59":2,"s:13:4:13:Infinity":3,"f:16:11:16:54":3,"s:17:4:17:Infinity":4,"f:20:11:20:62":4,"s:21:4:26:Infinity":5},"fnNames":{}}}
,"C:\\Users\\akhil\\Desktop\\dectify-assessment\\frontend\\src\\mocks\\server.ts": {"path":"C:\\Users\\akhil\\Desktop\\dectify-assessment\\frontend\\src\\mocks\\server.ts","statementMap":{"0":{"start":{"line":4,"column":13},"end":{"line":4,"column":null}}},"fnMap":{},"branchMap":{},"s":{"0":6},"f":{},"b":{},"meta":{"lastBranch":0,"lastFunction":0,"lastStatement":1,"seen":{"s:4:13:4:Infinity":0},"fnNames":{}}}
,"C:\\Users\\akhil\\Desktop\\dectify-assessment\\frontend\\src\\pages\\Auth.css": {"path":"C:\\Users\\akhil\\Desktop\\dectify-assessment\\frontend\\src\\pages\\Auth.css","statementMap":{},"fnMap":{},"branchMap":{},"s":{},"f":{},"b":{},"meta":{"lastBranch":0,"lastFunction":0,"lastStatement":0,"seen":{},"fnNames":{}}}
,"C:\\Users\\akhil\\Desktop\\dectify-assessment\\frontend\\src\\pages\\Dashboard.css": {"path":"C:\\Users\\akhil\\Desktop\\dectify-assessment\\frontend\\src\\pages\\Dashboard.css","statementMap":{},"fnMap":{},"branchMap":{},"s":{},"f":{},"b":{},"meta":{"lastBranch":0,"lastFunction":0,"lastStatement":0,"seen":{},"fnNames":{}}}
,"C:\\Users\\akhil\\Desktop\\dectify-assessment\\frontend\\src\\pages\\Dashboard.tsx": {"path":"C:\\Users\\akhil\\Desktop\\dectify-assessment\\frontend\\src\\pages\\Dashboard.tsx","statementMap":{"0":{"start":{"line":7,"column":19},"end":{"line":7,"column":null}},"1":{"start":{"line":10,"column":27},"end":{"line":15,"column":null}},"2":{"start":{"line":12,"column":19},"end":{"line":12,"column":null}},"3":{"start":{"line":12,"column":59},"end":{"line":12,"column":65}},"4":{"start":{"line":17,"column":2},"end":{"line":24,"column":null}},"5":{"start":{"line":18,"column":4},"end":{"line":22,"column":null}},"6":{"start":{"line":26,"column":2},"end":{"line":28,"column":null}},"7":{"start":{"line":27,"column":4},"end":{"line":27,"column":null}},"8":{"start":{"line":30,"column":2},"end":{"line":30,"column":null}},"9":{"start":{"line":30,"column":13},"end":{"line":30,"column":null}},"10":{"start":{"line":32,"column":15},"end":{"line":32,"column":null}},"11":{"start":{"line":33,"column":23},"end":{"line":33,"column":null}},"12":{"start":{"line":36,"column":4},"end":{"line":36,"column":null}},"13":{"start":{"line":37,"column":23},"end":{"line":37,"column":null}},"14":{"start":{"line":39,"column":26},"end":{"line":41,"column":null}},"15":{"start":{"line":42,"column":27},"end":{"line":42,"column":null}},"16":{"start":{"line":45,"column":4},"end":{"line":45,"column":null}},"17":{"start":{"line":46,"column":24},"end":{"line":46,"column":null}},"18":{"start":{"line":48,"column":2},"end":{"line":168,"column":null}},"19":{"start":{"line":84,"column":14},"end":{"line":90,"column":null}},"20":{"start":{"line":104,"column":29},"end":{"line":104,"column":null}},"21":{"start":{"line":105,"column":29},"end":{"line":105,"column":null}},"22":{"start":{"line":106,"column":14},"end":{"line":134,"column":null}},"23":{"start":{"line":149,"column":29},"end":{"line":149,"column":null}},"24":{"start":{"line":150,"column":29},"end":{"line":150,"column":null}},"25":{"start":{"line":151,"column":14},"end":{"line":162,"column":null}},"26":{"start":{"line":158,"column":22},"end":{"line":158,"column":null}}},"fnMap":{"0":{"name":"Dashboard","decl":{"start":{"line":9,"column":24},"end":{"line":9,"column":36}},"loc":{"start":{"line":9,"column":36},"end":{"line":170,"column":null}},"line":9},"1":{"name":"(anonymous_1)","decl":{"start":{"line":12,"column":4},"end":{"line":12,"column":19}},"loc":{"start":{"line":12,"column":19},"end":{"line":12,"column":null}},"line":12},"2":{"name":"(anonymous_2)","decl":{"start":{"line":12,"column":47},"end":{"line":12,"column":53}},"loc":{"start":{"line":12,"column":59},"end":{"line":12,"column":65}},"line":12},"3":{"name":"(anonymous_3)","decl":{"start":{"line":83,"column":24},"end":{"line":83,"column":29}},"loc":{"start":{"line":84,"column":14},"end":{"line":90,"column":null}},"line":84},"4":{"name":"(anonymous_4)","decl":{"start":{"line":103,"column":29},"end":{"line":103,"column":34}},"loc":{"start":{"line":103,"column":61},"end":{"line":136,"column":13}},"line":103},"5":{"name":"(anonymous_5)","decl":{"start":{"line":148,"column":20},"end":{"line":148,"column":25}},"loc":{"start":{"line":148,"column":119},"end":{"line":164,"column":13}},"line":148},"6":{"name":"(anonymous_6)","decl":{"start":{"line":157,"column":35},"end":{"line":157,"column":40}},"loc":{"start":{"line":158,"column":22},"end":{"line":158,"column":null}},"line":158}},"branchMap":{"0":{"loc":{"start":{"line":17,"column":2},"end":{"line":24,"column":null}},"type":"if","locations":[{"start":{"line":17,"column":2},"end":{"line":24,"column":null}},{"start":{},"end":{}}],"line":17},"1":{"loc":{"start":{"line":26,"column":2},"end":{"line":28,"column":null}},"type":"if","locations":[{"start":{"line":26,"column":2},"end":{"line":28,"column":null}},{"start":{},"end":{}}],"line":26},"2":{"loc":{"start":{"line":30,"column":2},"end":{"line":30,"column":null}},"type":"if","locations":[{"start":{"line":30,"column":2},"end":{"line":30,"column":null}},{"start":{},"end":{}}],"line":30},"3":{"loc":{"start":{"line":32,"column":15},"end":{"line":32,"column":null}},"type":"cond-expr","locations":[{"start":{"line":32,"column":38},"end":{"line":32,"column":46}},{"start":{"line":32,"column":46},"end":{"line":32,"column":null}}],"line":32},"4":{"loc":{"start":{"line":36,"column":4},"end":{"line":36,"column":null}},"type":"cond-expr","locations":[{"start":{"line":36,"column":34},"end":{"line":36,"column":40}},{"start":{"line":36,"column":40},"end":{"line":36,"column":null}}],"line":36},"5":{"loc":{"start":{"line":36,"column":40},"end":{"line":36,"column":null}},"type":"binary-expr","locations":[{"start":{"line":36,"column":40},"end":{"line":36,"column":108}},{"start":{"line":36,"column":108},"end":{"line":36,"column":null}}],"line":36},"6":{"loc":{"start":{"line":39,"column":26},"end":{"line":41,"column":null}},"type":"cond-expr","locations":[{"start":{"line":39,"column":54},"end":{"line":39,"column":59}},{"start":{"line":39,"column":59},"end":{"line":41,"column":null}}],"line":39},"7":{"loc":{"start":{"line":40,"column":5},"end":{"line":40,"column":null}},"type":"binary-expr","locations":[{"start":{"line":40,"column":5},"end":{"line":40,"column":97}},{"start":{"line":40,"column":97},"end":{"line":40,"column":null}}],"line":40},"8":{"loc":{"start":{"line":45,"column":4},"end":{"line":45,"column":null}},"type":"cond-expr","locations":[{"start":{"line":45,"column":35},"end":{"line":45,"column":42}},{"start":{"line":45,"column":36},"end":{"line":45,"column":null}}],"line":45},"9":{"loc":{"start":{"line":45,"column":42},"end":{"line":45,"column":168}},"type":"binary-expr","locations":[{"start":{"line":45,"column":42},"end":{"line":45,"column":164}},{"start":{"line":45,"column":164},"end":{"line":45,"column":168}}],"line":45},"10":{"loc":{"start":{"line":58,"column":9},"end":{"line":74,"column":null}},"type":"cond-expr","locations":[{"start":{"line":59,"column":10},"end":{"line":60,"column":null}},{"start":{"line":60,"column":12},"end":{"line":74,"column":null}}],"line":58},"11":{"loc":{"start":{"line":60,"column":12},"end":{"line":74,"column":null}},"type":"binary-expr","locations":[{"start":{"line":60,"column":12},"end":{"line":60,"column":null}},{"start":{"line":61,"column":10},"end":{"line":74,"column":null}}],"line":60},"12":{"loc":{"start":{"line":62,"column":13},"end":{"line":67,"column":13}},"type":"cond-expr","locations":[{"start":{"line":63,"column":14},"end":{"line":65,"column":15}},{"start":{"line":65,"column":14},"end":{"line":67,"column":13}}],"line":62},"13":{"loc":{"start":{"line":79,"column":9},"end":{"line":94,"column":null}},"type":"cond-expr","locations":[{"start":{"line":80,"column":10},"end":{"line":82,"column":11}},{"start":{"line":82,"column":10},"end":{"line":94,"column":null}}],"line":79},"14":{"loc":{"start":{"line":99,"column":9},"end":{"line":139,"column":null}},"type":"cond-expr","locations":[{"start":{"line":100,"column":10},"end":{"line":102,"column":11}},{"start":{"line":102,"column":10},"end":{"line":139,"column":null}}],"line":99},"15":{"loc":{"start":{"line":112,"column":21},"end":{"line":115,"column":null}},"type":"binary-expr","locations":[{"start":{"line":112,"column":21},"end":{"line":112,"column":null}},{"start":{"line":113,"column":22},"end":{"line":115,"column":null}}],"line":112},"16":{"loc":{"start":{"line":124,"column":19},"end":{"line":132,"column":null}},"type":"binary-expr","locations":[{"start":{"line":124,"column":19},"end":{"line":124,"column":null}},{"start":{"line":125,"column":20},"end":{"line":132,"column":null}}],"line":124},"17":{"loc":{"start":{"line":144,"column":9},"end":{"line":167,"column":null}},"type":"cond-expr","locations":[{"start":{"line":145,"column":10},"end":{"line":147,"column":11}},{"start":{"line":147,"column":10},"end":{"line":167,"column":null}}],"line":144}},"s":{"0":1,"1":4,"2":2,"3":2,"4":4,"5":2,"6":2,"7":0,"8":2,"9":0,"10":2,"11":4,"12":4,"13":4,"14":4,"15":4,"16":4,"17":4,"18":4,"19":0,"20":0,"21":0,"22":0,"23":1,"24":1,"25":1,"26":0},"f":{"0":4,"1":2,"2":2,"3":0,"4":0,"5":1,"6":0},"b":{"0":[2,2],"1":[0,2],"2":[0,2],"3":[1,1],"4":[1,1],"5":[1,0],"6":[0,2],"7":[2,0],"8":[0,2],"9":[2,0],"10":[1,1],"11":[1,1],"12":[1,0],"13":[1,1],"14":[0,2],"15":[0,0],"16":[0,0],"17":[0,2]},"meta":{"lastBranch":18,"lastFunction":7,"lastStatement":27,"seen":{"s:7:19:7:Infinity":0,"f:9:24:9:36":0,"s:10:27:15:Infinity":1,"f:12:4:12:19":1,"s:12:19:12:Infinity":2,"f:12:47:12:53":2,"s:12:59:12:65":3,"b:17:2:24:Infinity:undefined:undefined:undefined:undefined":0,"s:17:2:24:Infinity":4,"s:18:4:22:Infinity":5,"b:26:2:28:Infinity:undefined:undefined:undefined:undefined":1,"s:26:2:28:Infinity":6,"s:27:4:27:Infinity":7,"b:30:2:30:Infinity:undefined:undefined:undefined:undefined":2,"s:30:2:30:Infinity":8,"s:30:13:30:Infinity":9,"s:32:15:32:Infinity":10,"b:32:38:32:46:32:46:32:Infinity":3,"s:33:23:33:Infinity":11,"s:36:4:36:Infinity":12,"b:36:34:36:40:36:40:36:Infinity":4,"b:36:40:36:108:36:108:36:Infinity":5,"s:37:23:37:Infinity":13,"s:39:26:41:Infinity":14,"b:39:54:39:59:39:59:41:Infinity":6,"b:40:5:40:97:40:97:40:Infinity":7,"s:42:27:42:Infinity":15,"s:45:4:45:Infinity":16,"b:45:35:45:42:45:36:45:Infinity":8,"b:45:42:45:164:45:164:45:168":9,"s:46:24:46:Infinity":17,"s:48:2:168:Infinity":18,"b:59:10:60:Infinity:60:12:74:Infinity":10,"b:60:12:60:Infinity:61:10:74:Infinity":11,"b:63:14:65:15:65:14:67:13":12,"b:80:10:82:11:82:10:94:Infinity":13,"f:83:24:83:29":3,"s:84:14:90:Infinity":19,"b:100:10:102:11:102:10:139:Infinity":14,"f:103:29:103:34":4,"s:104:29:104:Infinity":20,"s:105:29:105:Infinity":21,"s:106:14:134:Infinity":22,"b:112:21:112:Infinity:113:22:115:Infinity":15,"b:124:19:124:Infinity:125:20:132:Infinity":16,"b:145:10:147:11:147:10:167:Infinity":17,"f:148:20:148:25":5,"s:149:29:149:Infinity":23,"s:150:29:150:Infinity":24,"s:151:14:162:Infinity":25,"f:157:35:157:40":6,"s:158:22:158:Infinity":26},"fnNames":{}}}
,"C:\\Users\\akhil\\Desktop\\dectify-assessment\\frontend\\src\\pages\\Login.tsx": {"path":"C:\\Users\\akhil\\Desktop\\dectify-assessment\\frontend\\src\\pages\\Login.tsx","statementMap":{"0":{"start":{"line":8,"column":10},"end":{"line":8,"column":null}},"1":{"start":{"line":9,"column":8},"end":{"line":9,"column":null}},"2":{"start":{"line":10,"column":16},"end":{"line":10,"column":null}},"3":{"start":{"line":11,"column":19},"end":{"line":11,"column":null}},"4":{"start":{"line":12,"column":16},"end":{"line":12,"column":null}},"5":{"start":{"line":13,"column":18},"end":{"line":13,"column":null}},"6":{"start":{"line":15,"column":23},"end":{"line":28,"column":null}},"7":{"start":{"line":16,"column":4},"end":{"line":16,"column":null}},"8":{"start":{"line":17,"column":4},"end":{"line":17,"column":null}},"9":{"start":{"line":18,"column":4},"end":{"line":18,"column":null}},"10":{"start":{"line":19,"column":4},"end":{"line":27,"column":null}},"11":{"start":{"line":20,"column":6},"end":{"line":20,"column":null}},"12":{"start":{"line":21,"column":6},"end":{"line":21,"column":null}},"13":{"start":{"line":23,"column":20},"end":{"line":23,"column":null}},"14":{"start":{"line":24,"column":6},"end":{"line":24,"column":null}},"15":{"start":{"line":26,"column":6},"end":{"line":26,"column":null}},"16":{"start":{"line":30,"column":2},"end":{"line":85,"column":null}},"17":{"start":{"line":54,"column":33},"end":{"line":54,"column":null}},"18":{"start":{"line":70,"column":33},"end":{"line":70,"column":null}}},"fnMap":{"0":{"name":"Login","decl":{"start":{"line":7,"column":24},"end":{"line":7,"column":32}},"loc":{"start":{"line":7,"column":32},"end":{"line":87,"column":null}},"line":7},"1":{"name":"(anonymous_1)","decl":{"start":{"line":15,"column":23},"end":{"line":15,"column":30}},"loc":{"start":{"line":15,"column":47},"end":{"line":28,"column":null}},"line":15},"2":{"name":"(anonymous_2)","decl":{"start":{"line":54,"column":16},"end":{"line":54,"column":27}},"loc":{"start":{"line":54,"column":33},"end":{"line":54,"column":null}},"line":54},"3":{"name":"(anonymous_3)","decl":{"start":{"line":70,"column":16},"end":{"line":70,"column":27}},"loc":{"start":{"line":70,"column":33},"end":{"line":70,"column":null}},"line":70}},"branchMap":{"0":{"loc":{"start":{"line":24,"column":15},"end":{"line":24,"column":69}},"type":"binary-expr","locations":[{"start":{"line":24,"column":15},"end":{"line":24,"column":55}},{"start":{"line":24,"column":55},"end":{"line":24,"column":69}}],"line":24},"1":{"loc":{"start":{"line":41,"column":9},"end":{"line":41,"column":null}},"type":"binary-expr","locations":[{"start":{"line":41,"column":9},"end":{"line":41,"column":18}},{"start":{"line":41,"column":18},"end":{"line":41,"column":null}}],"line":41},"2":{"loc":{"start":{"line":77,"column":13},"end":{"line":77,"column":null}},"type":"cond-expr","locations":[{"start":{"line":77,"column":23},"end":{"line":77,"column":41}},{"start":{"line":77,"column":41},"end":{"line":77,"column":null}}],"line":77}},"s":{"0":10,"1":10,"2":10,"3":10,"4":10,"5":10,"6":10,"7":2,"8":2,"9":2,"10":2,"11":2,"12":1,"13":1,"14":1,"15":2,"16":10,"17":2,"18":2},"f":{"0":10,"1":2,"2":2,"3":2},"b":{"0":[1,0],"1":[10,1],"2":[2,8]},"meta":{"lastBranch":3,"lastFunction":4,"lastStatement":19,"seen":{"f:7:24:7:32":0,"s:8:10:8:Infinity":0,"s:9:8:9:Infinity":1,"s:10:16:10:Infinity":2,"s:11:19:11:Infinity":3,"s:12:16:12:Infinity":4,"s:13:18:13:Infinity":5,"s:15:23:28:Infinity":6,"f:15:23:15:30":1,"s:16:4:16:Infinity":7,"s:17:4:17:Infinity":8,"s:18:4:18:Infinity":9,"s:19:4:27:Infinity":10,"s:20:6:20:Infinity":11,"s:21:6:21:Infinity":12,"s:23:20:23:Infinity":13,"s:24:6:24:Infinity":14,"b:24:15:24:55:24:55:24:69":0,"s:26:6:26:Infinity":15,"s:30:2:85:Infinity":16,"b:41:9:41:18:41:18:41:Infinity":1,"f:54:16:54:27":2,"s:54:33:54:Infinity":17,"f:70:16:70:27":3,"s:70:33:70:Infinity":18,"b:77:23:77:41:77:41:77:Infinity":2},"fnNames":{}}}
,"C:\\Users\\akhil\\Desktop\\dectify-assessment\\frontend\\src\\services\\api.ts": {"path":"C:\\Users\\akhil\\Desktop\\dectify-assessment\\frontend\\src\\services\\api.ts","statementMap":{"0":{"start":{"line":9,"column":17},"end":{"line":9,"column":null}},"1":{"start":{"line":11,"column":12},"end":{"line":14,"column":null}},"2":{"start":{"line":17,"column":33},"end":{"line":17,"column":null}},"3":{"start":{"line":20,"column":2},"end":{"line":20,"column":null}},"4":{"start":{"line":24,"column":2},"end":{"line":24,"column":null}},"5":{"start":{"line":28,"column":0},"end":{"line":33,"column":null}},"6":{"start":{"line":29,"column":2},"end":{"line":31,"column":null}},"7":{"start":{"line":30,"column":4},"end":{"line":30,"column":null}},"8":{"start":{"line":32,"column":2},"end":{"line":32,"column":null}},"9":{"start":{"line":36,"column":19},"end":{"line":36,"column":null}},"10":{"start":{"line":40,"column":5},"end":{"line":40,"column":null}},"11":{"start":{"line":43,"column":2},"end":{"line":46,"column":null}},"12":{"start":{"line":44,"column":4},"end":{"line":45,"column":null}},"13":{"start":{"line":44,"column":15},"end":{"line":44,"column":null}},"14":{"start":{"line":45,"column":9},"end":{"line":45,"column":null}},"15":{"start":{"line":45,"column":20},"end":{"line":45,"column":null}},"16":{"start":{"line":47,"column":2},"end":{"line":47,"column":null}},"17":{"start":{"line":50,"column":0},"end":{"line":105,"column":null}},"18":{"start":{"line":51,"column":16},"end":{"line":51,"column":null}},"19":{"start":{"line":53,"column":4},"end":{"line":55,"column":null}},"20":{"start":{"line":54,"column":6},"end":{"line":54,"column":null}},"21":{"start":{"line":56,"column":28},"end":{"line":56,"column":null}},"22":{"start":{"line":59,"column":4},"end":{"line":101,"column":null}},"23":{"start":{"line":65,"column":6},"end":{"line":76,"column":null}},"24":{"start":{"line":67,"column":8},"end":{"line":75,"column":null}},"25":{"start":{"line":68,"column":10},"end":{"line":74,"column":null}},"26":{"start":{"line":70,"column":14},"end":{"line":70,"column":null}},"27":{"start":{"line":71,"column":14},"end":{"line":71,"column":null}},"28":{"start":{"line":78,"column":6},"end":{"line":78,"column":null}},"29":{"start":{"line":79,"column":6},"end":{"line":79,"column":null}},"30":{"start":{"line":81,"column":6},"end":{"line":100,"column":null}},"31":{"start":{"line":82,"column":25},"end":{"line":86,"column":null}},"32":{"start":{"line":87,"column":25},"end":{"line":87,"column":null}},"33":{"start":{"line":88,"column":8},"end":{"line":88,"column":null}},"34":{"start":{"line":89,"column":8},"end":{"line":89,"column":null}},"35":{"start":{"line":90,"column":8},"end":{"line":90,"column":null}},"36":{"start":{"line":91,"column":8},"end":{"line":91,"column":null}},"37":{"start":{"line":93,"column":8},"end":{"line":93,"column":null}},"38":{"start":{"line":94,"column":8},"end":{"line":94,"column":null}},"39":{"start":{"line":96,"column":8},"end":{"line":96,"column":null}},"40":{"start":{"line":97,"column":8},"end":{"line":97,"column":null}},"41":{"start":{"line":99,"column":8},"end":{"line":99,"column":null}},"42":{"start":{"line":103,"column":4},"end":{"line":103,"column":null}}},"fnMap":{"0":{"name":"setAccessToken","decl":{"start":{"line":19,"column":16},"end":{"line":19,"column":31}},"loc":{"start":{"line":19,"column":53},"end":{"line":21,"column":null}},"line":19},"1":{"name":"getAccessToken","decl":{"start":{"line":23,"column":16},"end":{"line":23,"column":48}},"loc":{"start":{"line":23,"column":48},"end":{"line":25,"column":null}},"line":23},"2":{"name":"(anonymous_2)","decl":{"start":{"line":28,"column":25},"end":{"line":28,"column":30}},"loc":{"start":{"line":28,"column":41},"end":{"line":33,"column":1}},"line":28},"3":{"name":"processQueue","decl":{"start":{"line":42,"column":9},"end":{"line":42,"column":22}},"loc":{"start":{"line":42,"column":60},"end":{"line":48,"column":null}},"line":42},"4":{"name":"(anonymous_4)","decl":{"start":{"line":43,"column":14},"end":{"line":43,"column":23}},"loc":{"start":{"line":43,"column":29},"end":{"line":46,"column":3}},"line":43},"5":{"name":"(anonymous_5)","decl":{"start":{"line":50,"column":26},"end":{"line":50,"column":null}},"loc":{"start":{"line":51,"column":16},"end":{"line":51,"column":null}},"line":51},"6":{"name":"(anonymous_6)","decl":{"start":{"line":52,"column":2},"end":{"line":52,"column":9}},"loc":{"start":{"line":52,"column":19},"end":{"line":104,"column":null}},"line":52},"7":{"name":"(anonymous_7)","decl":{"start":{"line":67,"column":19},"end":{"line":67,"column":28}},"loc":{"start":{"line":67,"column":48},"end":{"line":75,"column":9}},"line":67},"8":{"name":"(anonymous_8)","decl":{"start":{"line":69,"column":12},"end":{"line":69,"column":22}},"loc":{"start":{"line":69,"column":40},"end":{"line":72,"column":null}},"line":69}},"branchMap":{"0":{"loc":{"start":{"line":29,"column":2},"end":{"line":31,"column":null}},"type":"if","locations":[{"start":{"line":29,"column":2},"end":{"line":31,"column":null}},{"start":{},"end":{}}],"line":29},"1":{"loc":{"start":{"line":44,"column":4},"end":{"line":45,"column":null}},"type":"if","locations":[{"start":{"line":44,"column":4},"end":{"line":45,"column":null}},{"start":{"line":45,"column":9},"end":{"line":45,"column":null}}],"line":44},"2":{"loc":{"start":{"line":45,"column":9},"end":{"line":45,"column":null}},"type":"if","locations":[{"start":{"line":45,"column":9},"end":{"line":45,"column":null}},{"start":{},"end":{}}],"line":45},"3":{"loc":{"start":{"line":53,"column":4},"end":{"line":55,"column":null}},"type":"if","locations":[{"start":{"line":53,"column":4},"end":{"line":55,"column":null}},{"start":{},"end":{}}],"line":53},"4":{"loc":{"start":{"line":59,"column":4},"end":{"line":101,"column":null}},"type":"if","locations":[{"start":{"line":59,"column":4},"end":{"line":101,"column":null}},{"start":{},"end":{}}],"line":59},"5":{"loc":{"start":{"line":60,"column":6},"end":{"line":63,"column":null}},"type":"binary-expr","locations":[{"start":{"line":60,"column":6},"end":{"line":60,"column":null}},{"start":{"line":61,"column":6},"end":{"line":61,"column":null}},{"start":{"line":62,"column":6},"end":{"line":62,"column":null}},{"start":{"line":63,"column":6},"end":{"line":63,"column":null}}],"line":60},"6":{"loc":{"start":{"line":65,"column":6},"end":{"line":76,"column":null}},"type":"if","locations":[{"start":{"line":65,"column":6},"end":{"line":76,"column":null}},{"start":{},"end":{}}],"line":65}},"s":{"0":6,"1":6,"2":6,"3":1,"4":0,"5":6,"6":4,"7":1,"8":4,"9":6,"10":6,"11":0,"12":0,"13":0,"14":0,"15":0,"16":0,"17":6,"18":4,"19":1,"20":1,"21":1,"22":1,"23":0,"24":0,"25":0,"26":0,"27":0,"28":0,"29":0,"30":0,"31":0,"32":0,"33":0,"34":0,"35":0,"36":0,"37":0,"38":0,"39":0,"40":0,"41":0,"42":1},"f":{"0":1,"1":0,"2":4,"3":0,"4":0,"5":4,"6":1,"7":0,"8":0},"b":{"0":[1,3],"1":[0,0],"2":[0,0],"3":[1,0],"4":[0,1],"5":[1,0,0,0],"6":[0,0]},"meta":{"lastBranch":7,"lastFunction":9,"lastStatement":43,"seen":{"s:9:17:9:Infinity":0,"s:11:12:14:Infinity":1,"s:17:33:17:Infinity":2,"f:19:16:19:31":0,"s:20:2:20:Infinity":3,"f:23:16:23:48":1,"s:24:2:24:Infinity":4,"s:28:0:33:Infinity":5,"f:28:25:28:30":2,"b:29:2:31:Infinity:undefined:undefined:undefined:undefined":0,"s:29:2:31:Infinity":6,"s:30:4:30:Infinity":7,"s:32:2:32:Infinity":8,"s:36:19:36:Infinity":9,"s:40:5:40:Infinity":10,"f:42:9:42:22":3,"s:43:2:46:Infinity":11,"f:43:14:43:23":4,"b:44:4:45:Infinity:45:9:45:Infinity":1,"s:44:4:45:Infinity":12,"s:44:15:44:Infinity":13,"b:45:9:45:Infinity:undefined:undefined:undefined:undefined":2,"s:45:9:45:Infinity":14,"s:45:20:45:Infinity":15,"s:47:2:47:Infinity":16,"s:50:0:105:Infinity":17,"f:50:26:50:Infinity":5,"s:51:16:51:Infinity":18,"f:52:2:52:9":6,"b:53:4:55:Infinity:undefined:undefined:undefined:undefined":3,"s:53:4:55:Infinity":19,"s:54:6:54:Infinity":20,"s:56:28:56:Infinity":21,"b:59:4:101:Infinity:undefined:undefined:undefined:undefined":4,"s:59:4:101:Infinity":22,"b:60:6:60:Infinity:61:6:61:Infinity:62:6:62:Infinity:63:6:63:Infinity":5,"b:65:6:76:Infinity:undefined:undefined:undefined:undefined":6,"s:65:6:76:Infinity":23,"s:67:8:75:Infinity":24,"f:67:19:67:28":7,"s:68:10:74:Infinity":25,"f:69:12:69:22":8,"s:70:14:70:Infinity":26,"s:71:14:71:Infinity":27,"s:78:6:78:Infinity":28,"s:79:6:79:Infinity":29,"s:81:6:100:Infinity":30,"s:82:25:86:Infinity":31,"s:87:25:87:Infinity":32,"s:88:8:88:Infinity":33,"s:89:8:89:Infinity":34,"s:90:8:90:Infinity":35,"s:91:8:91:Infinity":36,"s:93:8:93:Infinity":37,"s:94:8:94:Infinity":38,"s:96:8:96:Infinity":39,"s:97:8:97:Infinity":40,"s:99:8:99:Infinity":41,"s:103:4:103:Infinity":42},"fnNames":{}}}
}
